Determining if the pthread_create exist failed with the following output:
Change Dir: /home/yc/catkin_ws/build/fork_msg/CMakeFiles/CMakeTmp

Run Build Command:"/usr/bin/make" "cmTC_4a878/fast"
/usr/bin/make -f CMakeFiles/cmTC_4a878.dir/build.make CMakeFiles/cmTC_4a878.dir/build
make[1]: ディレクトリ '/home/yc/catkin_ws/build/fork_msg/CMakeFiles/CMakeTmp' に入ります
Building C object CMakeFiles/cmTC_4a878.dir/CheckSymbolExists.c.o
/usr/bin/cc    -o CMakeFiles/cmTC_4a878.dir/CheckSymbolExists.c.o   -c /home/yc/catkin_ws/build/fork_msg/CMakeFiles/CMakeTmp/CheckSymbolExists.c
Linking C executable cmTC_4a878
/usr/bin/cmake -E cmake_link_script CMakeFiles/cmTC_4a878.dir/link.txt --verbose=1
/usr/bin/cc      -rdynamic CMakeFiles/cmTC_4a878.dir/CheckSymbolExists.c.o  -o cmTC_4a878 
CMakeFiles/cmTC_4a878.dir/CheckSymbolExists.c.o: 関数 `main' 内:
CheckSymbolExists.c:(.text+0x1b): `pthread_create' に対する定義されていない参照です
collect2: error: ld returned 1 exit status
CMakeFiles/cmTC_4a878.dir/build.make:97: recipe for target 'cmTC_4a878' failed
make[1]: *** [cmTC_4a878] Error 1
make[1]: ディレクトリ '/home/yc/catkin_ws/build/fork_msg/CMakeFiles/CMakeTmp' から出ます
Makefile:126: recipe for target 'cmTC_4a878/fast' failed
make: *** [cmTC_4a878/fast] Error 2

File /home/yc/catkin_ws/build/fork_msg/CMakeFiles/CMakeTmp/CheckSymbolExists.c:
/* */
#include <pthread.h>

int main(int argc, char** argv)
{
  (void)argv;
#ifndef pthread_create
  return ((int*)(&pthread_create))[argc];
#else
  (void)argc;
  return 0;
#endif
}

Determining if the function pthread_create exists in the pthreads failed with the following output:
Change Dir: /home/yc/catkin_ws/build/fork_msg/CMakeFiles/CMakeTmp

Run Build Command:"/usr/bin/make" "cmTC_40e27/fast"
/usr/bin/make -f CMakeFiles/cmTC_40e27.dir/build.make CMakeFiles/cmTC_40e27.dir/build
make[1]: ディレクトリ '/home/yc/catkin_ws/build/fork_msg/CMakeFiles/CMakeTmp' に入ります
Building C object CMakeFiles/cmTC_40e27.dir/CheckFunctionExists.c.o
/usr/bin/cc   -DCHECK_FUNCTION_EXISTS=pthread_create   -o CMakeFiles/cmTC_40e27.dir/CheckFunctionExists.c.o   -c /usr/share/cmake-3.10/Modules/CheckFunctionExists.c
Linking C executable cmTC_40e27
/usr/bin/cmake -E cmake_link_script CMakeFiles/cmTC_40e27.dir/link.txt --verbose=1
/usr/bin/cc  -DCHECK_FUNCTION_EXISTS=pthread_create    -rdynamic CMakeFiles/cmTC_40e27.dir/CheckFunctionExists.c.o  -o cmTC_40e27 -lpthreads 
/usr/bin/ld: -lpthreads が見つかりません
collect2: error: ld returned 1 exit status
CMakeFiles/cmTC_40e27.dir/build.make:97: recipe for target 'cmTC_40e27' failed
make[1]: *** [cmTC_40e27] Error 1
make[1]: ディレクトリ '/home/yc/catkin_ws/build/fork_msg/CMakeFiles/CMakeTmp' から出ます
Makefile:126: recipe for target 'cmTC_40e27/fast' failed
make: *** [cmTC_40e27/fast] Error 2


