[36m--[0m Using CATKIN_DEVEL_PREFIX: /home/yc/catkin_ws/devel/.private/fork_msg
[36m--[0m Using CMAKE_PREFIX_PATH: /home/yc/catkin_ws/devel;/opt/ros/melodic
[36m--[0m This workspace overlays: /home/yc/catkin_ws/devel;/opt/ros/melodic
[36m--[0m Found PythonInterp: /usr/bin/python2 (found suitable version "2.7.17", minimum required is "2")
[36m--[0m Using PYTHON_EXECUTABLE: /usr/bin/python2
[36m--[0m Using Debian Python package layout
[36m--[0m Using empy: /usr/bin/empy
[36m--[0m Using CATKIN_ENABLE_TESTING: ON
[36m--[0m Call enable_testing()
[36m--[0m Using CATKIN_TEST_RESULTS_DIR: /home/yc/catkin_ws/build/fork_msg/test_results
[36m--[0m Found gtest sources under '/usr/src/googletest': gtests will be built
[36m--[0m Found gmock sources under '/usr/src/googletest': gmock will be built
[36m--[0m Found PythonInterp: /usr/bin/python2 (found version "2.7.17")
[36m--[0m Using Python nosetests: /usr/bin/nosetests-2.7
[36m--[0m catkin 0.7.29
[36m--[0m BUILD_SHARED_LIBS is on
[36m--[0m Using these message generators: gencpp;geneus;genlisp;gennodejs;genpy
[36m--[0m fork_msg: 2 messages, 0 services
[31m[1mCMake Error[0m at /home/yc/catkin_ws/build/fork_msg/cmake/fork_msg-genmsg.cmake:46 (add_custom_target):
  add_custom_target cannot create target "fork_msg_generate_messages_cpp"
  because another target with the same name already exists.  The existing
  target is a custom target created in source directory
  "/home/yc/catkin_ws/src/fork_msg".  See documentation for policy CMP0002
  for more details.
[36mCall Stack (most recent call first):[0m
  /opt/ros/melodic/share/genmsg/cmake/genmsg-extras.cmake:307 (include)
  CMakeLists.txt:71 (generate_messages)


[31m[1mCMake Error[0m at /home/yc/catkin_ws/build/fork_msg/cmake/fork_msg-genmsg.cmake:79 (add_custom_target):
  add_custom_target cannot create target "fork_msg_generate_messages_eus"
  because another target with the same name already exists.  The existing
  target is a custom target created in source directory
  "/home/yc/catkin_ws/src/fork_msg".  See documentation for policy CMP0002
  for more details.
[36mCall Stack (most recent call first):[0m
  /opt/ros/melodic/share/genmsg/cmake/genmsg-extras.cmake:307 (include)
  CMakeLists.txt:71 (generate_messages)


[31m[1mCMake Error[0m at /home/yc/catkin_ws/build/fork_msg/cmake/fork_msg-genmsg.cmake:112 (add_custom_target):
  add_custom_target cannot create target "fork_msg_generate_messages_lisp"
  because another target with the same name already exists.  The existing
  target is a custom target created in source directory
  "/home/yc/catkin_ws/src/fork_msg".  See documentation for policy CMP0002
  for more details.
[36mCall Stack (most recent call first):[0m
  /opt/ros/melodic/share/genmsg/cmake/genmsg-extras.cmake:307 (include)
  CMakeLists.txt:71 (generate_messages)


[31m[1mCMake Error[0m at /home/yc/catkin_ws/build/fork_msg/cmake/fork_msg-genmsg.cmake:145 (add_custom_target):
  add_custom_target cannot create target "fork_msg_generate_messages_nodejs"
  because another target with the same name already exists.  The existing
  target is a custom target created in source directory
  "/home/yc/catkin_ws/src/fork_msg".  See documentation for policy CMP0002
  for more details.
[36mCall Stack (most recent call first):[0m
  /opt/ros/melodic/share/genmsg/cmake/genmsg-extras.cmake:307 (include)
  CMakeLists.txt:71 (generate_messages)


[31m[1mCMake Error[0m at /home/yc/catkin_ws/build/fork_msg/cmake/fork_msg-genmsg.cmake:178 (add_custom_target):
  add_custom_target cannot create target "fork_msg_generate_messages_py"
  because another target with the same name already exists.  The existing
  target is a custom target created in source directory
  "/home/yc/catkin_ws/src/fork_msg".  See documentation for policy CMP0002
  for more details.
[36mCall Stack (most recent call first):[0m
  /opt/ros/melodic/share/genmsg/cmake/genmsg-extras.cmake:307 (include)
  CMakeLists.txt:71 (generate_messages)


[36m--[0m Configuring incomplete, errors occurred!
See also "/home/yc/catkin_ws/build/fork_msg/CMakeFiles/CMakeOutput.log".
See also "/home/yc/catkin_ws/build/fork_msg/CMakeFiles/CMakeError.log".
Makefile:698: recipe for target 'cmake_check_build_system' failed
make: *** [cmake_check_build_system] Error 1
