[35m[1mScanning dependencies of target _fork_msg_generate_messages_check_deps_LppCmd[0m
[  0%] Built target _fork_msg_generate_messages_check_deps_LppCmd
[35m[1mScanning dependencies of target std_msgs_generate_messages_lisp[0m
[  0%] Built target std_msgs_generate_messages_lisp
[35m[1mScanning dependencies of target std_msgs_generate_messages_py[0m
[  0%] Built target std_msgs_generate_messages_py
[35m[1mScanning dependencies of target std_msgs_generate_messages_nodejs[0m
[  0%] Built target std_msgs_generate_messages_nodejs
[35m[1mScanning dependencies of target std_msgs_generate_messages_eus[0m
[  0%] Built target std_msgs_generate_messages_eus
[35m[1mScanning dependencies of target std_msgs_generate_messages_cpp[0m
[  0%] Built target std_msgs_generate_messages_cpp
[35m[1mScanning dependencies of target fork_msg_generate_messages_lisp[0m
[ 14%] [34m[1mGenerating Lisp code from fork_msg/LppCmd.msg[0m
[ 14%] Built target fork_msg_generate_messages_lisp
[35m[1mScanning dependencies of target fork_msg_generate_messages_py[0m
[ 28%] [34m[1mGenerating Python from MSG fork_msg/LppCmd[0m
[ 42%] [34m[1mGenerating Python msg __init__.py for fork_msg[0m
[ 42%] Built target fork_msg_generate_messages_py
[35m[1mScanning dependencies of target fork_msg_generate_messages_nodejs[0m
[ 57%] [34m[1mGenerating Javascript code from fork_msg/LppCmd.msg[0m
[ 57%] Built target fork_msg_generate_messages_nodejs
[35m[1mScanning dependencies of target fork_msg_generate_messages_eus[0m
[ 71%] [34m[1mGenerating EusLisp code from fork_msg/LppCmd.msg[0m
[ 85%] [34m[1mGenerating EusLisp manifest code for fork_msg[0m
[ 85%] Built target fork_msg_generate_messages_eus
[35m[1mScanning dependencies of target fork_msg_generate_messages_cpp[0m
[100%] [34m[1mGenerating C++ code from fork_msg/LppCmd.msg[0m
[100%] Built target fork_msg_generate_messages_cpp
[35m[1mScanning dependencies of target fork_msg_generate_messages[0m
[100%] Built target fork_msg_generate_messages
